<?xml version="1.0" encoding="UTF-8"?>
<!-- Generated by org.testng.reporters.JUnitReportReporter -->
<testsuite hostname="LAPTOP-HNKRTLAC" failures="0" tests="1" name="com.stepdefinition.RLL_240Testing_FirstCry_MyProfile.NewTest" time="74.779" errors="0" timestamp="2024-10-01T07:44:50 IST" skipped="0">
  <testcase classname="com.stepdefinition.RLL_240Testing_FirstCry_MyProfile.NewTest" name="runScenario" time="74.779"/>
</testsuite> <!-- com.stepdefinition.RLL_240Testing_FirstCry_MyProfile.NewTest -->
